<?xml version="1.0" encoding="UTF-8" ?>
<testsuite tests="9" failures="0" name="com.rga.customer.services.CustomerServiceTest" time="0.187" errors="0" skipped="0">
  <properties>
[...]
</properties>
  <testcase classname="com.rga.customer.services.CustomerServiceTest" name="whenSuccessfulGetCustomerByIdThenCustomerIsReturned" time="0.187"/>
  <testcase classname="com.rga.customer.services.CustomerServiceTest" name="whenGetCustomerByIdNotFoundThenNullIsReturned" time="0"/>
  <testcase classname="com.rga.customer.services.CustomerServiceTest" name="testSuccessfulDeleteCustomer" time="0"/>
  <testcase classname="com.rga.customer.services.CustomerServiceTest" name="whenAddCustomerThrowsExceptionThenExceptionIsThrown" time="0"/>
  <testcase classname="com.rga.customer.services.CustomerServiceTest" name="whenDeleteNullCustomerThenExceptionIsThrown" time="0"/>
  <testcase classname="com.rga.customer.services.CustomerServiceTest" name="whenUpdateNullCustomerThenExceptionIsThrown" time="0"/>
  <testcase classname="com.rga.customer.services.CustomerServiceTest" name="whenSuccessfulAddCustomerThenReturnedIdIsNotNull" time="0"/>
  <testcase classname="com.rga.customer.services.CustomerServiceTest" name="whenSuccessfulUpdateThenSameCustomerIsReturned" time="0"/>
  <testcase classname="com.rga.customer.services.CustomerServiceTest" name="whenGetAllCustomersHasAtleastOneResultThenListOfCustomersIsReturned" time="0"/>
</testsuite>